Arguments: 
  C:\Program Files\nodejs\node.exe C:\Users\kemai\AppData\Roaming\npm\node_modules\yarn\bin\yarn.js install

PATH: 
  "C:\Program Files\Java\jdk-19\bin;C:\Program Files\Common Files\Oracle\Java\javapath";C:\Program Files\Eclipse Adoptium\jdk-17.0.4.101-hotspot\bin;C:\WINDOWS\system32;C:\WINDOWS;C:\WINDOWS\System32\Wbem;C:\WINDOWS\System32\WindowsPowerShell\v1.0\;C:\WINDOWS\System32\OpenSSH\;C:\Program Files\Docker\Docker\resources\bin;C:\ProgramData\DockerDesktop\version-bin;C:\Program Files\Microsoft SQL Server\150\Tools\Binn\;C:\Program Files\Microsoft SQL Server\Client SDK\ODBC\170\Tools\Binn\;C:\Program Files\dotnet\;C:\Program Files\Git\cmd;C:\Program Files\nodejs\;C:\WINDOWS\system32;C:\WINDOWS;C:\WINDOWS\System32\Wbem;C:\WINDOWS\System32\WindowsPowerShell\v1.0\;C:\WINDOWS\System32\OpenSSH\;C:\Program Files\MySQL\MySQL Shell 8.0\bin\;C:\Users\kemai\AppData\Roaming\.dotnet;C:\Users\kemai\AppData\Local\Microsoft\WindowsApps;C:\Users\kemai\AppData\Local\Programs\Microsoft VS Code\bin;C:\Program Files\MySQL\MySQL Server 8.0\bin;C:\Program Files\PostgreSQL\14\bin;C:\Users\kemai\.dotnet\tools;C:\Program Files\Eclipse Adoptium\jdk-17.0.4.101-hotspot\bin;C:\Users\kemai\AppData\Roaming\npm;

Yarn version: 
  1.22.19

Node version: 
  18.13.0

Platform: 
  win32 x64

Trace: 
  Error: connect ENETUNREACH 2606:4700::6810:1423:443
      at TCPConnectWrap.afterConnect [as oncomplete] (node:net:1487:16)

npm manifest: 
  {
    "name": "codebook",
    "version": "1.0.0",
    "main": "node_modules/expo/AppEntry.js",
    "scripts": {
      "start": "expo start",
      "tunnel": "expo start --tunnel",
      "android": "expo start --android",
      "ios": "expo start --ios",
      "web": "expo start --web"
    },
    "dependencies": {
      "@expo/webpack-config": "^0.17.2",
      "@react-native-async-storage/async-storage": "~1.17.3",
      "@react-native-clipboard/clipboard": "github:react-native-clipboard/clipboard",
      "axios": "^1.3.3",
      "expo": "~47.0.12",
      "expo-barcode-scanner": "~12.1.0",
      "expo-clipboard": "~4.0.1",
      "expo-status-bar": "~1.4.2",
      "react": "18.1.0",
      "react-dom": "18.1.0",
      "react-native": "0.70.5",
      "react-native-web": "~0.18.7",
      "react-router-native": "^6.8.1"
    },
    "devDependencies": {
      "@babel/core": "^7.19.3"
    },
    "private": true
  }

yarn manifest: 
  No manifest

Lockfile: 
  No lockfile
